Removed Pin From Net: NetName=VCC Pin=P?-2
Removed Pin From Net: NetName=VCC Pin=U?-2
Removed Pin From Net: NetName=ECHO6 Pin=U?-3
Change Component Designator: OldDesignator=P? NewDesignator=P1
Change Component Designator: OldDesignator=P? NewDesignator=P2
Change Component Designator: OldDesignator=U? NewDesignator=U1
Change Component Designator: OldDesignator=U? NewDesignator=U2
Change Component Designator: OldDesignator=U? NewDesignator=U3
Change Component Designator: OldDesignator=U? NewDesignator=U4
Change Component Designator: OldDesignator=U? NewDesignator=U5
Change Component Designator: OldDesignator=U? NewDesignator=U6
Change Component Designator: OldDesignator=U? NewDesignator=U7
Added Pin To Net: NetName=GND Pin=P1-2
Added Pin To Net: NetName=SERVO1 Pin=P2-1
Added Pin To Net: NetName=VCC Pin=P2-2
Added Pin To Net: NetName=GND Pin=P2-3
Added Pin To Net: NetName=VCC Pin=U1-1
Added Pin To Net: NetName=TRIG1 Pin=U1-2
Added Pin To Net: NetName=ECHO1 Pin=U1-3
Added Pin To Net: NetName=GND Pin=U1-4
Added Pin To Net: NetName=VCC Pin=U2-1
Added Pin To Net: NetName=TRIG2 Pin=U2-2
Added Pin To Net: NetName=ECHO2 Pin=U2-3
Added Pin To Net: NetName=GND Pin=U2-4
Added Pin To Net: NetName=GND Pin=U3-1
Added Pin To Net: NetName=VCC Pin=U3-2
Added Pin To Net: NetName=TRIG1 Pin=U3-5
Added Pin To Net: NetName=ECHO1 Pin=U3-6
Added Pin To Net: NetName=TRIG2 Pin=U3-7
Added Pin To Net: NetName=ECHO2 Pin=U3-8
Added Pin To Net: NetName=TRIG3 Pin=U3-9
Added Pin To Net: NetName=ECHO3 Pin=U3-10
Added Pin To Net: NetName=TRIG4 Pin=U3-11
Added Pin To Net: NetName=ECHO4 Pin=U3-12
Added Pin To Net: NetName=TRIG5 Pin=U3-13
Added Pin To Net: NetName=ECHO5 Pin=U3-14
Added Pin To Net: NetName=TRIG6 Pin=U3-15
Added Pin To Net: NetName=ECHO6 Pin=U3-16
Added Pin To Net: NetName=SERVO1 Pin=U3-21
Added Pin To Net: NetName=VCC Pin=U4-1
Added Pin To Net: NetName=TRIG3 Pin=U4-2
Added Pin To Net: NetName=ECHO3 Pin=U4-3
Added Pin To Net: NetName=GND Pin=U4-4
Added Pin To Net: NetName=VCC Pin=U5-1
Added Pin To Net: NetName=TRIG4 Pin=U5-2
Added Pin To Net: NetName=ECHO4 Pin=U5-3
Added Pin To Net: NetName=GND Pin=U5-4
Added Pin To Net: NetName=TRIG5 Pin=U6-2
Added Pin To Net: NetName=ECHO5 Pin=U6-3
Added Pin To Net: NetName=VCC Pin=U7-1
Added Pin To Net: NetName=TRIG6 Pin=U7-2
Added Pin To Net: NetName=ECHO6 Pin=U7-3
Added Pin To Net: NetName=GND Pin=U7-4
Added Member To Class: ClassName=Ultrasonic_mbed Member=Component P1 NXT
Added Member To Class: ClassName=Ultrasonic_mbed Member=Component U1 HC-SR04
Added Member To Class: ClassName=Ultrasonic_mbed Member=Component U2 HC-SR04
Added Member To Class: ClassName=Ultrasonic_mbed Member=Component U3 mbed
Added Member To Class: ClassName=Ultrasonic_mbed Member=Component U5 HC-SR04
Added Member To Class: ClassName=Ultrasonic_mbed Member=Component U6 HC-SR04
Added Member To Class: ClassName=Ultrasonic_mbed Member=Component U7 HC-SR04
