Removed Pin From Net: NetName=NXT1 Pin=U3-28
Removed Pin From Net: NetName=NXT2 Pin=U3-29
Removed Pin From Net: NetName=NXT3 Pin=U3-30
Added Component: Designator=P3(HDR1X8)
Added Pin To Net: NetName=GND Pin=P3-3
Added Pin To Net: NetName=NXT1 Pin=U3-23
Added Pin To Net: NetName=NXT2 Pin=U3-24
Added Pin To Net: NetName=NXT3 Pin=U3-25
Added Pin To Net: NetName=3V3 Pin=P3-2
Added Pin To Net: NetName=3V3 Pin=U3-40
Added Net: Name=3V3
Added Pin To Net: NetName=A_INT1 Pin=P3-7
Added Pin To Net: NetName=A_INT1 Pin=U3-29
Added Net: Name=A_INT1
Added Pin To Net: NetName=G_INT Pin=P3-8
Added Pin To Net: NetName=G_INT Pin=U3-26
Added Net: Name=G_INT
Added Pin To Net: NetName=M_DRDY Pin=P3-6
Added Pin To Net: NetName=M_DRDY Pin=U3-30
Added Net: Name=M_DRDY
Added Pin To Net: NetName=SCL Pin=P3-4
Added Pin To Net: NetName=SCL Pin=U3-27
Added Net: Name=SCL
Added Pin To Net: NetName=SDA Pin=P3-5
Added Pin To Net: NetName=SDA Pin=U3-28
Added Net: Name=SDA
Added Member To Class: ClassName=Ultrasonic_mbed Member=Component P3 Header 8
