Added Component: Designator=C1(CAP0805)
Added Component: Designator=C2(CAP0805)
Added Component: Designator=C3(CAP0805)
Added Component: Designator=C4(CAP0805)
Added Component: Designator=C5(CAP0805)
Added Pin To Net: NetName=GND Pin=C1-1
Added Pin To Net: NetName=VCC Pin=C1-2
Added Pin To Net: NetName=GND Pin=C2-1
Added Pin To Net: NetName=VCC Pin=C2-2
Added Pin To Net: NetName=GND Pin=C3-1
Added Pin To Net: NetName=VCC Pin=C3-2
Added Pin To Net: NetName=GND Pin=C4-1
Added Pin To Net: NetName=VCC Pin=C4-2
Added Pin To Net: NetName=GND Pin=C5-1
Added Pin To Net: NetName=3V3 Pin=C5-2
Added Member To Class: ClassName=Ultrasonic_mbed Member=Component C1 Capacitor
Added Member To Class: ClassName=Ultrasonic_mbed Member=Component C2 Capacitor
Added Member To Class: ClassName=Ultrasonic_mbed Member=Component C3 Capacitor
Added Member To Class: ClassName=Ultrasonic_mbed Member=Component C4 Capacitor
Added Member To Class: ClassName=Ultrasonic_mbed Member=Component C5 Capacitor
Added Member To Class: ClassName=Ultrasonic_mbed Member=Component P2 Header 2X2
